\BOOKMARK [0][-]{chapter*.7}{\376\377\000L\000i\000s\000t\000\040\000o\000f\000\040\000f\000i\000g\000u\000r\000e\000s}{}% 1
\BOOKMARK [0][-]{chapter*.8}{\376\377\000L\000i\000s\000t\000\040\000o\000f\000\040\000t\000a\000b\000l\000e\000s}{}% 2
\BOOKMARK [0][-]{chapter.1}{\376\377\000I\000n\000t\000r\000o\000d\000u\000c\000t\000i\000o\000n}{}% 3
\BOOKMARK [1][-]{section.1.1}{\376\377\000B\000a\000c\000k\000g\000r\000o\000u\000n\000d}{chapter.1}% 4
\BOOKMARK [1][-]{section.1.2}{\376\377\000O\000b\000j\000e\000c\000t\000i\000v\000e\000s}{chapter.1}% 5
\BOOKMARK [1][-]{section.1.3}{\376\377\000S\000c\000o\000p\000e}{chapter.1}% 6
\BOOKMARK [2][-]{subsection.1.3.1}{\376\377\000D\000e\000s\000i\000g\000n\000\040\000C\000o\000m\000p\000o\000n\000e\000n\000t}{section.1.3}% 7
\BOOKMARK [2][-]{subsection.1.3.2}{\376\377\000H\000a\000r\000d\000w\000a\000r\000e\000\040\000C\000o\000m\000p\000o\000n\000e\000n\000t}{section.1.3}% 8
\BOOKMARK [2][-]{subsection.1.3.3}{\376\377\000S\000o\000f\000t\000w\000a\000r\000e\000\040\000C\000o\000m\000p\000o\000n\000e\000n\000t}{section.1.3}% 9
\BOOKMARK [1][-]{section.1.4}{\376\377\000M\000o\000t\000i\000v\000a\000t\000i\000o\000n}{chapter.1}% 10
\BOOKMARK [1][-]{section.1.5}{\376\377\000U\000s\000e\000\040\000o\000f\000\040\000A\000I\000\040\000T\000o\000o\000l\000s}{chapter.1}% 11
\BOOKMARK [1][-]{section.1.6}{\376\377\000P\000r\000o\000p\000o\000s\000a\000l\000\040\000O\000v\000e\000r\000v\000i\000e\000w}{chapter.1}% 12
\BOOKMARK [0][-]{chapter.2}{\376\377\000L\000i\000t\000e\000r\000a\000t\000u\000r\000e\000\040\000R\000e\000v\000i\000e\000w}{}% 13
\BOOKMARK [1][-]{section.2.1}{\376\377\000L\000a\000p\000a\000r\000o\000s\000c\000o\000p\000y\000\040\000O\000v\000e\000r\000v\000i\000e\000w}{chapter.2}% 14
\BOOKMARK [1][-]{section.2.2}{\376\377\000C\000u\000r\000r\000e\000n\000t\000\040\000T\000e\000c\000h\000n\000o\000l\000o\000g\000i\000c\000a\000l\000\040\000A\000d\000v\000a\000n\000c\000e\000m\000e\000n\000t\000s}{chapter.2}% 15
\BOOKMARK [1][-]{section.2.3}{\376\377\000C\000u\000r\000r\000e\000n\000t\000\040\000A\000v\000a\000i\000l\000a\000b\000l\000e\000\040\000T\000e\000c\000h\000n\000o\000l\000o\000g\000y}{chapter.2}% 16
\BOOKMARK [1][-]{section.2.4}{\376\377\000A\000v\000a\000i\000l\000a\000b\000l\000e\000\040\000H\000a\000r\000d\000w\000a\000r\000e\000\040\000C\000o\000m\000p\000o\000n\000e\000n\000t\000s}{chapter.2}% 17
\BOOKMARK [2][-]{subsection.2.4.1}{\376\377\000S\000i\000n\000g\000l\000e\000\040\000B\000o\000a\000r\000d\000\040\000C\000o\000m\000p\000u\000t\000e\000r\000\040\000M\000o\000d\000u\000l\000e}{section.2.4}% 18
\BOOKMARK [2][-]{subsection.2.4.2}{\376\377\000C\000a\000m\000e\000r\000a\000\040\000M\000o\000d\000u\000l\000e}{section.2.4}% 19
\BOOKMARK [1][-]{section.2.5}{\376\377\000S\000o\000f\000t\000w\000a\000r\000e\000\040\000C\000o\000n\000s\000i\000d\000e\000r\000a\000t\000i\000o\000n\000s}{chapter.2}% 20
\BOOKMARK [1][-]{section.2.6}{\376\377\000V\000i\000s\000u\000a\000l\000\040\000I\000n\000s\000p\000e\000c\000t\000i\000o\000n\000\040\000C\000o\000n\000s\000i\000d\000e\000r\000a\000t\000i\000o\000n\000s}{chapter.2}% 21
\BOOKMARK [0][-]{chapter.3}{\376\377\000C\000o\000n\000t\000e\000n\000t\000\040\000C\000h\000a\000p\000t\000e\000r}{}% 22
\BOOKMARK [1][-]{section.3.1}{\376\377\000R\000e\000s\000e\000a\000r\000c\000h\000\040\000M\000e\000t\000h\000o\000d\000o\000l\000o\000g\000y}{chapter.3}% 23
\BOOKMARK [1][-]{section.3.2}{\376\377\000W\000o\000r\000k\000p\000l\000a\000n}{chapter.3}% 24
\BOOKMARK [2][-]{subsection.3.2.1}{\376\377\000L\000i\000t\000e\000r\000a\000t\000u\000r\000e\000\040\000R\000e\000v\000i\000e\000w}{section.3.2}% 25
\BOOKMARK [2][-]{subsection.3.2.2}{\376\377\000C\000o\000m\000p\000o\000n\000e\000n\000t\000\040\000R\000e\000v\000i\000e\000w}{section.3.2}% 26
\BOOKMARK [2][-]{subsection.3.2.3}{\376\377\000C\000o\000m\000p\000i\000l\000e\000\040\000D\000e\000s\000i\000g\000n\000\040\000R\000e\000q\000u\000i\000r\000e\000m\000e\000n\000t\000s\000\040\000f\000o\000r\000\040\000L\000a\000p\000a\000r\000o\000s\000c\000o\000p\000e}{section.3.2}% 27
\BOOKMARK [2][-]{subsection.3.2.4}{\376\377\000G\000e\000n\000e\000r\000a\000t\000e\000\040\000C\000o\000n\000c\000e\000p\000t\000\040\000D\000e\000s\000i\000g\000n\000\040\000f\000o\000r\000\040\000L\000a\000p\000a\000r\000o\000s\000c\000o\000p\000e}{section.3.2}% 28
\BOOKMARK [2][-]{subsection.3.2.5}{\376\377\000F\000i\000n\000a\000l\000i\000s\000e\000\040\000D\000e\000t\000a\000i\000l\000\040\000D\000e\000s\000i\000g\000n\000\040\000f\000o\000r\000\040\000L\000a\000p\000a\000r\000o\000s\000c\000o\000p\000e}{section.3.2}% 29
\BOOKMARK [2][-]{subsection.3.2.6}{\376\377\000C\000o\000m\000p\000i\000l\000e\000\040\000D\000e\000s\000i\000g\000n\000\040\000R\000e\000q\000u\000i\000r\000e\000m\000e\000n\000t\000s\000\040\000f\000o\000r\000\040\000T\000e\000s\000t\000\040\000S\000t\000a\000t\000i\000o\000n}{section.3.2}% 30
\BOOKMARK [2][-]{subsection.3.2.7}{\376\377\000G\000e\000n\000e\000r\000a\000t\000e\000\040\000C\000o\000n\000c\000e\000p\000t\000\040\000D\000e\000s\000i\000g\000n\000\040\000f\000o\000r\000\040\000T\000e\000s\000t\000\040\000S\000t\000a\000t\000i\000o\000n}{section.3.2}% 31
\BOOKMARK [2][-]{subsection.3.2.8}{\376\377\000F\000i\000n\000a\000l\000i\000s\000e\000\040\000D\000e\000t\000a\000i\000l\000\040\000D\000e\000s\000i\000g\000n\000\040\000f\000o\000r\000\040\000T\000e\000s\000t\000\040\000S\000t\000a\000t\000i\000o\000n}{section.3.2}% 32
\BOOKMARK [2][-]{subsection.3.2.9}{\376\377\000C\000o\000n\000s\000t\000r\000u\000c\000t\000\040\000a\000n\000d\000\040\000I\000m\000p\000l\000e\000m\000e\000n\000t\000\040\000L\000a\000p\000a\000r\000o\000s\000c\000o\000p\000e}{section.3.2}% 33
\BOOKMARK [2][-]{subsection.3.2.10}{\376\377\000C\000o\000n\000s\000t\000r\000u\000c\000t\000\040\000T\000e\000s\000t\000\040\000S\000t\000a\000t\000i\000o\000n}{section.3.2}% 34
\BOOKMARK [2][-]{subsection.3.2.11}{\376\377\000P\000e\000r\000f\000o\000r\000m\000\040\000F\000u\000n\000c\000t\000i\000o\000n\000a\000l\000i\000t\000y\000\040\000T\000e\000s\000t}{section.3.2}% 35
\BOOKMARK [2][-]{subsection.3.2.12}{\376\377\000E\000v\000a\000l\000u\000a\000t\000e\000\040\000L\000a\000p\000a\000r\000o\000s\000c\000o\000p\000e}{section.3.2}% 36
\BOOKMARK [2][-]{subsection.3.2.13}{\376\377\000D\000o\000c\000u\000m\000e\000n\000t\000a\000t\000i\000o\000n}{section.3.2}% 37
\BOOKMARK [1][-]{section.3.3}{\376\377\000R\000e\000s\000o\000u\000r\000c\000e\000\040\000R\000e\000q\000u\000i\000r\000e\000m\000e\000n\000t\000s}{chapter.3}% 38
\BOOKMARK [1][-]{section.3.4}{\376\377\000E\000x\000p\000e\000c\000t\000e\000d\000\040\000R\000e\000s\000u\000l\000t\000s}{chapter.3}% 39
\BOOKMARK [1][-]{section.3.5}{\376\377\000P\000r\000o\000j\000e\000c\000t\000\040\000S\000c\000h\000e\000d\000u\000l\000e}{chapter.3}% 40
\BOOKMARK [1][-]{section.3.6}{\376\377\000R\000i\000s\000k\000\040\000A\000s\000s\000e\000s\000s\000m\000e\000n\000t}{chapter.3}% 41
\BOOKMARK [0][-]{chapter.4}{\376\377\000C\000o\000n\000c\000l\000u\000s\000i\000o\000n\000s}{}% 42
\BOOKMARK [1][-]{section.4.1}{\376\377\000C\000o\000n\000c\000l\000u\000s\000i\000o\000n}{chapter.4}% 43
\BOOKMARK [0][-]{chapter*.23}{\376\377\000L\000i\000s\000t\000\040\000o\000f\000\040\000r\000e\000f\000e\000r\000e\000n\000c\000e\000s}{}% 44
\BOOKMARK [0][-]{appendix*.24}{\376\377\000E\000s\000t\000i\000m\000a\000t\000e\000d\000\040\000C\000o\000s\000t\000\040\000p\000e\000r\000\040\000A\000c\000t\000i\000v\000i\000t\000y}{}% 45
\BOOKMARK [0][-]{appendix*.26}{\376\377\000G\000A\000\040\000S\000e\000l\000f\000\040\000A\000s\000s\000e\000s\000s\000m\000e\000n\000t}{}% 46
